<?xml version="1.0" encoding="UTF-8"?>
<testsuite name="com.github.rsoi.controller.PhoneControllerTest" tests="8" skipped="0" failures="0" errors="0" timestamp="2023-05-09T18:46:35" hostname="Dashas-MBP" time="0.285">
  <properties/>
  <testcase name="testCountMatchingParameters()" classname="com.github.rsoi.controller.PhoneControllerTest" time="0.055"/>
  <testcase name="testDeletePhone()" classname="com.github.rsoi.controller.PhoneControllerTest" time="0.107"/>
  <testcase name="testGetPhonesFailure()" classname="com.github.rsoi.controller.PhoneControllerTest" time="0.021"/>
  <testcase name="testAddPhone()" classname="com.github.rsoi.controller.PhoneControllerTest" time="0.024"/>
  <testcase name="testGetPhonesByRamRange()" classname="com.github.rsoi.controller.PhoneControllerTest" time="0.014"/>
  <testcase name="testSearchPhones()" classname="com.github.rsoi.controller.PhoneControllerTest" time="0.005"/>
  <testcase name="testGetPhones()" classname="com.github.rsoi.controller.PhoneControllerTest" time="0.005"/>
  <testcase name="testGetInternetShop()" classname="com.github.rsoi.controller.PhoneControllerTest" time="0.007"/>
  <system-out><![CDATA[21:46:30.615 [Test worker] DEBUG org.springframework.boot.test.context.SpringBootTestContextBootstrapper - Neither @ContextConfiguration nor @ContextHierarchy found for test class [PhoneControllerTest]: using SpringBootContextLoader
21:46:30.639 [Test worker] DEBUG org.springframework.test.context.support.AbstractContextLoader - Could not detect default resource locations for test class [com.github.rsoi.controller.PhoneControllerTest]: no resource found for suffixes {-context.xml, Context.groovy}.
21:46:30.750 [Test worker] DEBUG org.springframework.boot.test.context.SpringBootTestContextBootstrapper - Using ContextCustomizers for test class [PhoneControllerTest]: [DisableObservabilityContextCustomizer, PropertyMappingContextCustomizer, Customizer, ExcludeFilterContextCustomizer, DuplicateJsonObjectContextCustomizer, MockitoContextCustomizer, TestRestTemplateContextCustomizer]
21:46:31.214 [Test worker] DEBUG org.springframework.boot.test.context.SpringBootTestContextBootstrapper - Using TestExecutionListeners for test class [PhoneControllerTest]: [ServletTestExecutionListener, DirtiesContextBeforeModesTestExecutionListener, ApplicationEventsTestExecutionListener, MockitoTestExecutionListener, DependencyInjectionTestExecutionListener, DirtiesContextTestExecutionListener, TransactionalTestExecutionListener, SqlScriptsTestExecutionListener, EventPublishingTestExecutionListener, RestDocsTestExecutionListener, MockRestServiceServerResetTestExecutionListener, MockMvcPrintOnlyOnFailureTestExecutionListener, WebDriverTestExecutionListener, MockWebServiceServerTestExecutionListener, ResetMocksTestExecutionListener]
21:46:31.217 [Test worker] DEBUG org.springframework.test.context.support.AbstractDirtiesContextTestExecutionListener - Before test class: class [PhoneControllerTest], class annotated with @DirtiesContext [false] with mode [null]

  .   ____          _            __ _ _
 /\\ / ___'_ __ _ _(_)_ __  __ _ \ \ \ \
( ( )\___ | '_ | '_| | '_ \/ _` | \ \ \ \
 \\/  ___)| |_)| | | | | || (_| |  ) ) ) )
  '  |____| .__|_| |_|_| |_\__, | / / / /
 =========|_|==============|___/=/_/_/_/
 :: Spring Boot ::                (v3.0.2)

2023-05-09T21:46:32.609+03:00  INFO 2349 --- [    Test worker] c.g.rsoi.controller.PhoneControllerTest  : Starting PhoneControllerTest using Java 19.0.1 with PID 2349 (started by dashan in /Users/dashan/Documents/proga/RSOI/lab-6-main/application)
2023-05-09T21:46:32.612+03:00  INFO 2349 --- [    Test worker] c.g.rsoi.controller.PhoneControllerTest  : No active profile set, falling back to 1 default profile: "default"
2023-05-09T21:46:35.069+03:00  INFO 2349 --- [    Test worker] c.g.rsoi.controller.PhoneControllerTest  : Started PhoneControllerTest in 3.726 seconds (process running for 7.85)
]]></system-out>
  <system-err><![CDATA[]]></system-err>
</testsuite>
