<?xml version="1.0" encoding="UTF-8"?>
<testsuite name="com.github.rsoi.service.PhoneServiceTests2" tests="2" skipped="0" failures="0" errors="0" timestamp="2023-05-09T18:46:35" hostname="Dashas-MBP" time="0.032">
  <properties/>
  <testcase name="shouldDeletePhoneById()" classname="com.github.rsoi.service.PhoneServiceTests2" time="0.025"/>
  <testcase name="shouldGetAllPhones()" classname="com.github.rsoi.service.PhoneServiceTests2" time="0.004"/>
  <system-out><![CDATA[
  .   ____          _            __ _ _
 /\\ / ___'_ __ _ _(_)_ __  __ _ \ \ \ \
( ( )\___ | '_ | '_| | '_ \/ _` | \ \ \ \
 \\/  ___)| |_)| | | | | || (_| |  ) ) ) )
  '  |____| .__|_| |_|_| |_\__, | / / / /
 =========|_|==============|___/=/_/_/_/
 :: Spring Boot ::                (v3.0.2)

2023-05-09T21:46:35.528+03:00  INFO 2349 --- [    Test worker] c.g.rsoi.service.PhoneServiceTests2      : Starting PhoneServiceTests2 using Java 19.0.1 with PID 2349 (started by dashan in /Users/dashan/Documents/proga/RSOI/lab-6-main/application)
2023-05-09T21:46:35.528+03:00  INFO 2349 --- [    Test worker] c.g.rsoi.service.PhoneServiceTests2      : No active profile set, falling back to 1 default profile: "default"
2023-05-09T21:46:35.545+03:00  INFO 2349 --- [    Test worker] c.g.rsoi.service.PhoneServiceTests2      : Started PhoneServiceTests2 in 0.098 seconds (process running for 8.326)
]]></system-out>
  <system-err><![CDATA[]]></system-err>
</testsuite>
